<testsuite name="Wishlist.wishlist flipkart" tests="3" errors="0" failures="0" skipped="0" time="390.034734" timestamp="2022-11-11T11:18:07.071973" hostname="DESKTOP-4VSFUDA"><testcase classname="Wishlist.wishlist flipkart" name="wishlist the product in to flipkart -- @1.1 " status="passed" time="127.359166"><system-out>
<![CDATA[
@scenario.begin
  Scenario Outline: wishlist the product in to flipkart -- @1.1 
    Given We are on flipkart website ... passed in 25.944s
    Then Enter your "vaishnavigulwe1307@gmail.com" in the feild ... passed in 20.332s
    And Enter your "Vaish@1307" in the box ... passed in 20.237s
    And Click login ... passed in 0.096s
    Then Type "samsung a73 5g" in search bar ... passed in 20.421s
    And Click on search button ... passed in 0.135s
    Then Click on the wishlist button ... passed in 10.638s
    And Click on the username ... passed in 0.301s
    And Click on the wishlist from the option listed ... passed in 5.349s
    Then Check the product is in the wishlist ... passed in 0.032s
    And Click on the wishlist product ... passed in 8.332s
    Then Verify the product ... passed in 3.003s
    And Close the tab ... passed in 3.095s
    Then Click on the delete button ... passed in 5.162s
    And Click on the yes remove ... passed in 4.281s

@scenario.end
--------------------------------------------------------------------------------

Captured stdout:
















]]>
</system-out></testcase><testcase classname="Wishlist.wishlist flipkart" name="wishlist the product in to flipkart -- @1.2 " status="passed" time="132.034739"><system-out>
<![CDATA[
@scenario.begin
  Scenario Outline: wishlist the product in to flipkart -- @1.2 
    Given We are on flipkart website ... passed in 30.460s
    Then Enter your "vaishnavigulwe1307@gmail.com" in the feild ... passed in 20.317s
    And Enter your "Vaish@1307" in the box ... passed in 20.244s
    And Click login ... passed in 0.099s
    Then Type "oppo f19 pro" in search bar ... passed in 20.362s
    And Click on search button ... passed in 0.136s
    Then Click on the wishlist button ... passed in 10.627s
    And Click on the username ... passed in 0.304s
    And Click on the wishlist from the option listed ... passed in 5.359s
    Then Check the product is in the wishlist ... passed in 0.032s
    And Click on the wishlist product ... passed in 8.378s
    Then Verify the product ... passed in 3.006s
    And Close the tab ... passed in 3.198s
    Then Click on the delete button ... passed in 5.307s
    And Click on the yes remove ... passed in 4.205s

@scenario.end
--------------------------------------------------------------------------------

Captured stdout:
















]]>
</system-out></testcase><testcase classname="Wishlist.wishlist flipkart" name="wishlist the product in to flipkart -- @1.3 " status="passed" time="130.64083"><system-out>
<![CDATA[
@scenario.begin
  Scenario Outline: wishlist the product in to flipkart -- @1.3 
    Given We are on flipkart website ... passed in 28.921s
    Then Enter your "vaishnavigulwe1307@gmail.com" in the feild ... passed in 20.349s
    And Enter your "Vaish@1307" in the box ... passed in 20.227s
    And Click login ... passed in 0.103s
    Then Type "noise evolve 3" in search bar ... passed in 20.485s
    And Click on search button ... passed in 0.141s
    Then Click on the wishlist button ... passed in 10.665s
    And Click on the username ... passed in 0.301s
    And Click on the wishlist from the option listed ... passed in 5.360s
    Then Check the product is in the wishlist ... passed in 0.016s
    And Click on the wishlist product ... passed in 8.362s
    Then Verify the product ... passed in 3.002s
    And Close the tab ... passed in 3.189s
    Then Click on the delete button ... passed in 5.320s
    And Click on the yes remove ... passed in 4.200s

@scenario.end
--------------------------------------------------------------------------------

Captured stdout:
















]]>
</system-out></testcase></testsuite>